===============================
= Setting up the environment =
===============================

Changing directory to the location of the script...
Directory changed to /home/epp-b03-g3/serial_file_studio_try2/code



===============================
= Installing Python          =
===============================




===============================
= Installing Dependencies    =
===============================

Creating virtual environment...
Virtual environment created.

Looking in indexes: https://pypi.org/simple, https://www.piwheels.org/simple
Requirement already satisfied: pip in ./env/lib/python3.13/site-packages (25.1.1)
Collecting pip
  Downloading https://www.piwheels.org/simple/pip/pip-26.0.1-py3-none-any.whl (1.8 MB)
     ━━━━━━━━━━━━━━━━━━━━━━━━━━━━━━━━━━━━━━━━ 1.8/1.8 MB 801.0 kB/s eta 0:00:00
Installing collected packages: pip
  Attempting uninstall: pip
    Found existing installation: pip 25.1.1
    Uninstalling pip-25.1.1:
      Successfully uninstalled pip-25.1.1
Successfully installed pip-26.0.1

Looking in indexes: https://pypi.org/simple, https://www.piwheels.org/simple
Collecting matplotlib
  Downloading matplotlib-3.10.8-cp313-cp313-manylinux_2_27_aarch64.manylinux_2_28_aarch64.whl.metadata (52 kB)
Requirement already satisfied: pyserial in /usr/lib/python3/dist-packages (3.5)
Collecting contourpy>=1.0.1 (from matplotlib)
  Downloading contourpy-1.3.3-cp313-cp313-manylinux_2_26_aarch64.manylinux_2_28_aarch64.whl.metadata (5.5 kB)
Collecting cycler>=0.10 (from matplotlib)
  Downloading https://www.piwheels.org/simple/cycler/cycler-0.12.1-py3-none-any.whl (8.3 kB)
Collecting fonttools>=4.22.0 (from matplotlib)
  Downloading fonttools-4.62.1-cp313-cp313-manylinux2014_aarch64.manylinux_2_17_aarch64.manylinux_2_28_aarch64.whl.metadata (117 kB)
Collecting kiwisolver>=1.3.1 (from matplotlib)
  Downloading kiwisolver-1.5.0-cp313-cp313-manylinux_2_24_aarch64.manylinux_2_28_aarch64.whl.metadata (5.1 kB)
Requirement already satisfied: numpy>=1.23 in /usr/lib/python3/dist-packages (from matplotlib) (2.2.4)
Requirement already satisfied: packaging>=20.0 in /usr/lib/python3/dist-packages (from matplotlib) (25.0)
Requirement already satisfied: pillow>=8 in /usr/lib/python3/dist-packages (from matplotlib) (11.1.0)
Collecting pyparsing>=3 (from matplotlib)
  Downloading https://www.piwheels.org/simple/pyparsing/pyparsing-3.3.2-py3-none-any.whl (122 kB)
Requirement already satisfied: python-dateutil>=2.7 in /usr/lib/python3/dist-packages (from matplotlib) (2.9.0)
Downloading matplotlib-3.10.8-cp313-cp313-manylinux_2_27_aarch64.manylinux_2_28_aarch64.whl (9.5 MB)
   ━━━━━━━━━━━━━━━━━━━━━━━━━━━━━━━━━━━━━━━━ 9.5/9.5 MB 2.4 MB/s  0:00:03
Downloading contourpy-1.3.3-cp313-cp313-manylinux_2_26_aarch64.manylinux_2_28_aarch64.whl (334 kB)
Downloading fonttools-4.62.1-cp313-cp313-manylinux2014_aarch64.manylinux_2_17_aarch64.manylinux_2_28_aarch64.whl (5.0 MB)
   ━━━━━━━━━━━━━━━━━━━━━━━━━━━━━━━━━━━━━━━━ 5.0/5.0 MB 2.7 MB/s  0:00:01
Downloading kiwisolver-1.5.0-cp313-cp313-manylinux_2_24_aarch64.manylinux_2_28_aarch64.whl (1.3 MB)
   ━━━━━━━━━━━━━━━━━━━━━━━━━━━━━━━━━━━━━━━━ 1.3/1.3 MB 2.4 MB/s  0:00:00
Installing collected packages: pyparsing, kiwisolver, fonttools, cycler, contourpy, matplotlib

ERROR: pip's dependency resolver does not currently take into account all the packages that are installed. This behaviour is the source of the following dependency conflicts.
types-seaborn 0.13.2 requires pandas-stubs, which is not installed.
Successfully installed contourpy-1.3.3 cycler-0.12.1 fonttools-4.62.1 kiwisolver-1.5.0 matplotlib-3.10.8 pyparsing-3.3.2

Installing pyrplidar...
Looking in indexes: https://pypi.org/simple, https://www.piwheels.org/simple
Obtaining file:///home/epp-b03-g3/serial_file_studio_try2/code/pyrplidar
  Installing build dependencies: started
  Installing build dependencies: finished with status 'done'
  Checking if build backend supports build_editable: started
  Checking if build backend supports build_editable: finished with status 'done'
  Getting requirements to build editable: started
  Getting requirements to build editable: finished with status 'done'
  Preparing editable metadata (pyproject.toml): started
  Preparing editable metadata (pyproject.toml): finished with status 'done'
Requirement already satisfied: pyserial in /usr/lib/python3/dist-packages (from pyrplidar==0.1.2) (3.5)
Building wheels for collected packages: pyrplidar
  Building editable for pyrplidar (pyproject.toml): started
  Building editable for pyrplidar (pyproject.toml): finished with status 'done'
  Created wheel for pyrplidar: filename=pyrplidar-0.1.2-0.editable-py3-none-any.whl size=2385 sha256=db6650154202f8daa9be3759d187bac0a060e10b97790288905a4d58234b5eef
  Stored in directory: /tmp/pip-ephem-wheel-cache-ua4sqbr8/wheels/08/92/52/c395cec29e1214a8fa3a9e44ebc20fd2c6afb7a02074031d03
Successfully built pyrplidar
Installing collected packages: pyrplidar
Successfully installed pyrplidar-0.1.2

Setup complete. To activate the environment, run:
  source env/bin/activate
